<?xml version="1.0" encoding="UTF-8"?>
<!-- Generated by org.testng.reporters.JUnitReportReporter -->
<testsuite hostname="EC1LAPTOP143" failures="0" tests="4" name="tests.LoginDDT" time="47.914" errors="0" timestamp="2020-08-05T15:15:35 BST" skipped="0">
  <testcase classname="tests.LoginDDT" name="loginTest" time="12.180"/>
  <system-out/>
  <testcase classname="tests.LoginDDT" name="loginTest" time="12.161"/>
  <system-out/>
  <testcase classname="tests.LoginDDT" name="loginTest" time="11.474"/>
  <system-out/>
  <testcase classname="tests.LoginDDT" name="loginTest" time="12.099"/>
  <system-out/>
</testsuite> <!-- tests.LoginDDT -->
