<?xml version="1.0" encoding="UTF-8"?>
<!-- Generated by org.testng.reporters.JUnitReportReporter -->
<testsuite hostname="EC1LAPTOP143" failures="0" tests="1" name="smoketests.loginPresentTestNG" time="5.829" errors="0" timestamp="2020-07-24T15:50:19 BST" skipped="0">
  <testcase classname="smoketests.loginPresentTestNG" name="loginElementPresentTest" time="5.829"/>
  <system-out/>
</testsuite> <!-- smoketests.loginPresentTestNG -->
