<?xml version="1.0" encoding="UTF-8"?>
<!-- Generated by org.testng.reporters.JUnitReportReporter -->
<testsuite hostname="EC1LAPTOP143" failures="0" tests="1" name="tests.Expedia" time="65.734" errors="0" timestamp="2020-08-12T16:11:32 BST" skipped="0">
  <testcase classname="tests.Expedia" name="hotelReservation" time="65.734"/>
  <system-out/>
</testsuite> <!-- tests.Expedia -->
